0 info it worked if it ends with ok
1 verbose cli [ 'C:\\Program Files\\nodejs\\node.exe',
1 verbose cli   'C:\\Users\\KISHORE\\AppData\\Roaming\\npm\\node_modules\\npm\\bin\\npm-cli.js',
1 verbose cli   'run',
1 verbose cli   'test' ]
2 info using npm@4.0.5
3 info using node@v10.15.0
4 verbose run-script [ 'pretest', 'test', 'posttest' ]
5 info lifecycle server@1.0.0~pretest: server@1.0.0
6 silly lifecycle server@1.0.0~pretest: no script for pretest, continuing
7 info lifecycle server@1.0.0~test: server@1.0.0
8 verbose lifecycle server@1.0.0~test: unsafe-perm in lifecycle true
9 verbose lifecycle server@1.0.0~test: PATH: C:\Users\KISHORE\AppData\Roaming\npm\node_modules\npm\bin\node-gyp-bin;E:\Development\AdvancedNodeStarter\node_modules\.bin;C:\Program Files\MongoDB\Server\4.0\bin;C:\ProgramData\Oracle\Java\javapath;C:\Program Files (x86)\Intel\iCLS Client\;C:\Program Files\Intel\iCLS Client\;C:\Program Files\Java\jdk\bin;C:\WINDOWS\system32;C:\WINDOWS;C:\WINDOWS\System32\Wbem;C:\WINDOWS\System32\WindowsPowerShell\v1.0\;c:\Program Files (x86)\ATI Technologies\ATI.ACE\Core-Static;C:\Program Files (x86)\Intel\Intel(R) Management Engine Components\DAL;C:\Program Files\Intel\Intel(R) Management Engine Components\DAL;C:\Program Files (x86)\Intel\Intel(R) Management Engine Components\IPT;C:\Program Files\Intel\Intel(R) Management Engine Components\IPT;C:\Program Files (x86)\Microsoft SQL Server\110\Tools\Binn\;C:\Program Files\Microsoft SQL Server\110\Tools\Binn\;C:\Program Files\Microsoft SQL Server\110\DTS\Binn\;C:\Program Files (x86)\Microsoft SQL Server\110\Tools\Binn\ManagementStudio\;C:\Program Files (x86)\Microsoft SQL Server\110\DTS\Binn\;C:\Program Files (x86)\Heroku\bin;C:\Program Files (x86)\git\cmd;C:\Program Files\Microsoft SQL Server\130\Tools\Binn\;C:\Program Files\Java\jre\bin;C:\Users\KISHORE\AppData\Local\Android\sdk;C:\Program Files\dotnet\;C:\Program Files\Microsoft DNX\Dnvm\;C:\Program Files (x86)\Skype\Phone\;C:\Program Files\Microsoft\Web Platform Installer\;C:\Program Files\Intel\WiFi\bin\;C:\Program Files\Common Files\Intel\WirelessCommon\;C:\Program Files\Git\cmd;C:\WINDOWS\System32\OpenSSH\;C:\Program Files\nodejs\;C:\Users\KISHORE\AppData\Local\Programs\Python\Python36-32\Scripts\;C:\Users\KISHORE\AppData\Local\Programs\Python\Python36-32\;C:\Users\KISHORE\AppData\Local\Microsoft\WindowsApps;;C:\Program Files\Docker Toolbox;C:\Program Files\Microsoft VS Code\bin;C:\Users\KISHORE\AppData\Roaming\npm
10 verbose lifecycle server@1.0.0~test: CWD: E:\Development\AdvancedNodeStarter
11 silly lifecycle server@1.0.0~test: Args: [ '/d /s /c', 'jest' ]
12 silly lifecycle server@1.0.0~test: Returned: code: 1  signal: null
13 info lifecycle server@1.0.0~test: Failed to exec test script
14 verbose stack Error: server@1.0.0 test: `jest`
14 verbose stack Exit status 1
14 verbose stack     at EventEmitter.<anonymous> (C:\Users\KISHORE\AppData\Roaming\npm\node_modules\npm\lib\utils\lifecycle.js:279:16)
14 verbose stack     at EventEmitter.emit (events.js:182:13)
14 verbose stack     at ChildProcess.<anonymous> (C:\Users\KISHORE\AppData\Roaming\npm\node_modules\npm\lib\utils\spawn.js:40:14)
14 verbose stack     at ChildProcess.emit (events.js:182:13)
14 verbose stack     at maybeClose (internal/child_process.js:962:16)
14 verbose stack     at Process.ChildProcess._handle.onexit (internal/child_process.js:251:5)
15 verbose pkgid server@1.0.0
16 verbose cwd E:\Development\AdvancedNodeStarter
17 error Windows_NT 10.0.17134
18 error argv "C:\\Program Files\\nodejs\\node.exe" "C:\\Users\\KISHORE\\AppData\\Roaming\\npm\\node_modules\\npm\\bin\\npm-cli.js" "run" "test"
19 error node v10.15.0
20 error npm  v4.0.5
21 error code ELIFECYCLE
22 error server@1.0.0 test: `jest`
22 error Exit status 1
23 error Failed at the server@1.0.0 test script 'jest'.
23 error Make sure you have the latest version of node.js and npm installed.
23 error If you do, this is most likely a problem with the server package,
23 error not with npm itself.
23 error Tell the author that this fails on your system:
23 error     jest
23 error You can get information on how to open an issue for this project with:
23 error     npm bugs server
23 error Or if that isn't available, you can get their info via:
23 error     npm owner ls server
23 error There is likely additional logging output above.
24 verbose exit [ 1, true ]
